[debug] [2018-10-19T19:26:20.161Z] ----------------------------------------------------------------------
[debug] [2018-10-19T19:26:20.164Z] Command:       /usr/local/Cellar/node/10.9.0/bin/node /usr/local/bin/firebase serve
[debug] [2018-10-19T19:26:20.164Z] CLI Version:   5.1.1
[debug] [2018-10-19T19:26:20.164Z] Platform:      darwin
[debug] [2018-10-19T19:26:20.164Z] Node Version:  v10.9.0
[debug] [2018-10-19T19:26:20.166Z] Time:          Fri Oct 19 2018 16:26:20 GMT-0300 (Brasilia Standard Time)
[debug] [2018-10-19T19:26:20.166Z] ----------------------------------------------------------------------
[debug] 
[debug] [2018-10-19T19:26:20.187Z] > command requires scopes: ["email","openid","https://www.googleapis.com/auth/cloudplatformprojects.readonly","https://www.googleapis.com/auth/firebase","https://www.googleapis.com/auth/cloud-platform"]
[debug] [2018-10-19T19:26:20.187Z] > authorizing via signed-in user
[debug] [2018-10-19T19:26:20.187Z] [iam] checking project gabrielima-portfolio for permissions ["firebase.projects.get"]
[debug] [2018-10-19T19:26:20.189Z] >>> HTTP REQUEST POST https://cloudresourcemanager.googleapis.com/v1/projects/gabrielima-portfolio:testIamPermissions  

[debug] [2018-10-19T19:26:26.025Z] <<< HTTP RESPONSE 200
[debug] [2018-10-19T19:26:26.027Z] >>> HTTP REQUEST GET https://cloudresourcemanager.googleapis.com/v1/projects/gabrielima-portfolio  
 
[debug] [2018-10-19T19:26:28.271Z] <<< HTTP RESPONSE 200
[info] 
[info] === Serving from '/Users/gabrielima/code/gabrielima'...
[info] 
[info] i  functions: Preparing to emulate functions.
[debug] [2018-10-19T19:26:30.623Z] Fetching environment
[debug] [2018-10-19T19:26:30.627Z] >>> HTTP REQUEST GET https://mobilesdk-pa.googleapis.com/v1/projects/878347831016:getServerAppConfig  
 
[debug] [2018-10-19T19:26:30.628Z] >>> HTTP REQUEST GET https://mobilesdk-pa.googleapis.com/v1/projects/878347831016/clients/_:getWebAppConfig  
 
[debug] [2018-10-19T19:26:31.200Z] <<< HTTP RESPONSE 200
[debug] [2018-10-19T19:26:31.200Z] Starting @google-cloud/functions-emulator
[debug] [2018-10-19T19:26:31.299Z] <<< HTTP RESPONSE 200
[info] i  hosting: Serving hosting files from: public
[info] ✔  hosting: Local server: http://localhost:5000
